<?xml version="1.0" encoding="UTF-8"?>
<!-- Generated by org.testng.reporters.JUnitReportReporter -->
<testsuite hostname="DESKTOP-O0S3EHV" failures="0" tests="1" name="test.newUserTest" time="11.809" errors="0" timestamp="2022-03-30T12:11:24 CEST" skipped="0">
  <testcase classname="test.newUserTest" name="loginTest" time="11.809"/>
  <system-out/>
</testsuite> <!-- test.newUserTest -->
